2025-11-26 09:44:55,773 ERROR basicbot: Missing API_KEY / API_SECRET. Set BINANCE_API_KEY and BINANCE_API_SECRET env variables.
2025-11-26 09:47:37,918 INFO basicbot: Binance client initialized (testnet=True)
2025-11-26 09:47:38,635 ERROR basicbot: BinanceAPIException: APIError(code=-2015): Invalid API-key, IP, or permissions for action
2025-11-26 09:47:38,636 ERROR basicbot: Order failed: APIError(code=-2015): Invalid API-key, IP, or permissions for action
2025-11-26 09:49:33,990 INFO basicbot: Binance client initialized (testnet=True)
2025-11-26 09:49:34,637 ERROR basicbot: BinanceAPIException: APIError(code=-4164): Order's notional must be no smaller than 100 (unless you choose reduce only).
2025-11-26 09:49:34,639 ERROR basicbot: Order failed: APIError(code=-4164): Order's notional must be no smaller than 100 (unless you choose reduce only).
2025-11-26 09:51:29,749 INFO basicbot: Binance client initialized (testnet=True)
2025-11-26 09:51:30,649 DEBUG basicbot: Placing order payload: {'symbol': 'BTCUSDT', 'side': 'BUY', 'type': 'MARKET', 'quantity': '0.001'}
2025-11-26 09:51:30,959 ERROR basicbot: BinanceAPIException: APIError(code=-4164): Order's notional must be no smaller than 100 (unless you choose reduce only).
2025-11-26 09:51:30,960 ERROR basicbot: Order failed: APIError(code=-4164): Order's notional must be no smaller than 100 (unless you choose reduce only).
2025-11-26 09:51:40,947 INFO basicbot: Binance client initialized (testnet=True)
2025-11-26 09:51:41,774 DEBUG basicbot: Placing order payload: {'symbol': 'BTCUSDT', 'side': 'SELL', 'type': 'LIMIT', 'quantity': '0.002', 'price': '50000.0', 'timeInForce': 'GTC'}
2025-11-26 09:51:42,091 ERROR basicbot: BinanceAPIException: APIError(code=-4024): Limit price can't be lower than 82655.33.
2025-11-26 09:51:42,093 ERROR basicbot: Order failed: APIError(code=-4024): Limit price can't be lower than 82655.33.
2025-11-26 10:01:55,038 INFO basicbot: Binance client initialized (testnet=True)
2025-11-26 10:01:55,891 DEBUG basicbot: mark_price for BTCUSDT = 87228.40000000
2025-11-26 10:01:55,891 INFO basicbot: Qty 0.001 produces notional 87.22840000000 < 100; increasing to 0.002
2025-11-26 10:01:55,892 DEBUG basicbot: Order payload (safe view): {'symbol': 'BTCUSDT', 'side': 'BUY', 'type': 'MARKET', 'quantity': '0.002'}
2025-11-26 10:01:56,204 INFO basicbot: Order placed: BUY MARKET BTCUSDT qty=0.002 price=None
2025-11-26 10:01:56,205 DEBUG basicbot: Order response: {'orderId': 10626816648, 'symbol': 'BTCUSDT', 'status': 'NEW', 'clientOrderId': 'x-Cb7ytekJ601a389fbdf6f970a30142', 'price': '0.00', 'avgPrice': '0.00', 'origQty': '0.002', 'executedQty': '0.000', 'cumQty': '0.000', 'cumQuote': '0.00000', 'timeInForce': 'GTC', 'type': 'MARKET', 'reduceOnly': False, 'closePosition': False, 'side': 'BUY', 'positionSide': 'BOTH', 'stopPrice': '0.00', 'workingType': 'CONTRACT_PRICE', 'priceProtect': False, 'origType': 'MARKET', 'priceMatch': 'NONE', 'selfTradePreventionMode': 'EXPIRE_MAKER', 'goodTillDate': 0, 'updateTime': 1764131515420}
2025-11-26 10:01:56,205 INFO basicbot: Order response: {'orderId': 10626816648, 'symbol': 'BTCUSDT', 'status': 'NEW', 'clientOrderId': 'x-Cb7ytekJ601a389fbdf6f970a30142', 'price': '0.00', 'avgPrice': '0.00', 'origQty': '0.002', 'executedQty': '0.000', 'cumQty': '0.000', 'cumQuote': '0.00000', 'timeInForce': 'GTC', 'type': 'MARKET', 'reduceOnly': False, 'closePosition': False, 'side': 'BUY', 'positionSide': 'BOTH', 'stopPrice': '0.00', 'workingType': 'CONTRACT_PRICE', 'priceProtect': False, 'origType': 'MARKET', 'priceMatch': 'NONE', 'selfTradePreventionMode': 'EXPIRE_MAKER', 'goodTillDate': 0, 'updateTime': 1764131515420}
2025-11-26 10:02:04,207 INFO basicbot: Binance client initialized (testnet=True)
2025-11-26 10:02:05,011 DEBUG basicbot: mark_price for BTCUSDT = 87258.00000000
2025-11-26 10:02:05,011 INFO basicbot: Adjusted LIMIT price from 82000.0 to 87258.00 to satisfy minimum allowed price 87258.00000000
2025-11-26 10:02:05,012 INFO basicbot: Qty 0.001 produces notional 87.25800 < 100; increasing to 0.002
2025-11-26 10:02:05,013 DEBUG basicbot: Order payload (safe view): {'symbol': 'BTCUSDT', 'side': 'SELL', 'type': 'LIMIT', 'quantity': '0.002', 'price': '87258.00', 'timeInForce': 'GTC'}
2025-11-26 10:02:05,361 INFO basicbot: Order placed: SELL LIMIT BTCUSDT qty=0.002 price=87258.00
2025-11-26 10:02:05,362 DEBUG basicbot: Order response: {'orderId': 10626816772, 'symbol': 'BTCUSDT', 'status': 'NEW', 'clientOrderId': 'x-Cb7ytekJ5c78f6d0592d4e2dca49d6', 'price': '87258.00', 'avgPrice': '0.00', 'origQty': '0.002', 'executedQty': '0.000', 'cumQty': '0.000', 'cumQuote': '0.00000', 'timeInForce': 'GTC', 'type': 'LIMIT', 'reduceOnly': False, 'closePosition': False, 'side': 'SELL', 'positionSide': 'BOTH', 'stopPrice': '0.00', 'workingType': 'CONTRACT_PRICE', 'priceProtect': False, 'origType': 'LIMIT', 'priceMatch': 'NONE', 'selfTradePreventionMode': 'EXPIRE_MAKER', 'goodTillDate': 0, 'updateTime': 1764131524539}
2025-11-26 10:02:05,362 INFO basicbot: Order response: {'orderId': 10626816772, 'symbol': 'BTCUSDT', 'status': 'NEW', 'clientOrderId': 'x-Cb7ytekJ5c78f6d0592d4e2dca49d6', 'price': '87258.00', 'avgPrice': '0.00', 'origQty': '0.002', 'executedQty': '0.000', 'cumQty': '0.000', 'cumQuote': '0.00000', 'timeInForce': 'GTC', 'type': 'LIMIT', 'reduceOnly': False, 'closePosition': False, 'side': 'SELL', 'positionSide': 'BOTH', 'stopPrice': '0.00', 'workingType': 'CONTRACT_PRICE', 'priceProtect': False, 'origType': 'LIMIT', 'priceMatch': 'NONE', 'selfTradePreventionMode': 'EXPIRE_MAKER', 'goodTillDate': 0, 'updateTime': 1764131524539}
2025-11-26 10:07:52,096 INFO basicbot: Binance client initialized (testnet=True)
2025-11-26 10:07:52,962 DEBUG basicbot: mark_price for BTCUSDT = 87240.76188406
2025-11-26 10:07:52,962 INFO basicbot: Qty 0.001 produces notional 87.24076188406 < 100; increasing to 0.002
2025-11-26 10:07:52,963 DEBUG basicbot: Order payload (safe view): {'symbol': 'BTCUSDT', 'side': 'BUY', 'type': 'MARKET', 'quantity': '0.002'}
2025-11-26 10:07:53,273 INFO basicbot: Order placed: BUY MARKET BTCUSDT qty=0.002 price=None
2025-11-26 10:07:53,273 DEBUG basicbot: Order response: {'orderId': 10626820245, 'symbol': 'BTCUSDT', 'status': 'NEW', 'clientOrderId': 'x-Cb7ytekJ8c1e888acf44d78b4dfb08', 'price': '0.00', 'avgPrice': '0.00', 'origQty': '0.002', 'executedQty': '0.000', 'cumQty': '0.000', 'cumQuote': '0.00000', 'timeInForce': 'GTC', 'type': 'MARKET', 'reduceOnly': False, 'closePosition': False, 'side': 'BUY', 'positionSide': 'BOTH', 'stopPrice': '0.00', 'workingType': 'CONTRACT_PRICE', 'priceProtect': False, 'origType': 'MARKET', 'priceMatch': 'NONE', 'selfTradePreventionMode': 'EXPIRE_MAKER', 'goodTillDate': 0, 'updateTime': 1764131872481}
2025-11-26 10:07:59,823 INFO basicbot: Binance client initialized (testnet=True)
2025-11-26 10:08:00,641 DEBUG basicbot: mark_price for BTCUSDT = 87239.87750000
2025-11-26 10:08:00,641 INFO basicbot: Adjusted LIMIT price from 80000.0 to 87239.88 to satisfy minimum allowed price 87239.87750000
2025-11-26 10:08:00,642 INFO basicbot: Qty 0.001 produces notional 87.23988 < 100; increasing to 0.002
2025-11-26 10:08:00,642 DEBUG basicbot: Order payload (safe view): {'symbol': 'BTCUSDT', 'side': 'SELL', 'type': 'LIMIT', 'quantity': '0.002', 'price': '87239.88', 'timeInForce': 'GTC'}
2025-11-26 10:08:00,952 ERROR basicbot: BinanceAPIException: APIError(code=-4014): Price not increased by tick size.
2025-11-26 10:08:00,953 ERROR basicbot: Operation failed: APIError(code=-4014): Price not increased by tick size.
2025-11-26 10:09:55,713 INFO basicbot: Binance client initialized (testnet=True)
2025-11-26 10:09:56,517 DEBUG basicbot: mark_price for BTCUSDT = 87307.57023551
2025-11-26 10:09:56,517 INFO basicbot: Adjusted LIMIT price from 80000.0 to 87307.58 to satisfy minimum allowed price 87307.57023551
2025-11-26 10:09:56,518 INFO basicbot: Qty 0.001 produces notional 87.30758 < 100; increasing to 0.002
2025-11-26 10:09:56,527 DEBUG basicbot: Order payload (safe view): {'symbol': 'BTCUSDT', 'side': 'SELL', 'type': 'LIMIT', 'quantity': '0.002', 'price': '87307.58', 'timeInForce': 'GTC'}
2025-11-26 10:09:56,842 ERROR basicbot: BinanceAPIException: APIError(code=-4014): Price not increased by tick size.
2025-11-26 10:09:56,843 ERROR basicbot: Operation failed: APIError(code=-4014): Price not increased by tick size.
2025-11-26 10:10:21,866 INFO basicbot: Binance client initialized (testnet=True)
2025-11-26 10:10:22,681 DEBUG basicbot: mark_price for BTCUSDT = 87290.69726449
2025-11-26 10:10:22,681 INFO basicbot: Qty 0.001 produces notional 87.29069726449 < 100; increasing to 0.002
2025-11-26 10:10:22,681 DEBUG basicbot: Order payload (safe view): {'symbol': 'BTCUSDT', 'side': 'BUY', 'type': 'MARKET', 'quantity': '0.002'}
2025-11-26 10:10:22,989 INFO basicbot: Order placed: BUY MARKET BTCUSDT qty=0.002 price=None
2025-11-26 10:10:22,990 DEBUG basicbot: Order response: {'orderId': 10626821613, 'symbol': 'BTCUSDT', 'status': 'NEW', 'clientOrderId': 'x-Cb7ytekJcd6ea9431de4ffd3231731', 'price': '0.00', 'avgPrice': '0.00', 'origQty': '0.002', 'executedQty': '0.000', 'cumQty': '0.000', 'cumQuote': '0.00000', 'timeInForce': 'GTC', 'type': 'MARKET', 'reduceOnly': False, 'closePosition': False, 'side': 'BUY', 'positionSide': 'BOTH', 'stopPrice': '0.00', 'workingType': 'CONTRACT_PRICE', 'priceProtect': False, 'origType': 'MARKET', 'priceMatch': 'NONE', 'selfTradePreventionMode': 'EXPIRE_MAKER', 'goodTillDate': 0, 'updateTime': 1764132022198}
2025-11-26 10:10:27,300 INFO basicbot: Binance client initialized (testnet=True)
2025-11-26 10:10:28,108 DEBUG basicbot: mark_price for BTCUSDT = 87288.17431159
2025-11-26 10:10:28,108 INFO basicbot: Adjusted LIMIT price from 80000.0 to 87288.18 to satisfy minimum allowed price 87288.17431159
2025-11-26 10:10:28,108 INFO basicbot: Qty 0.001 produces notional 87.28818 < 100; increasing to 0.002
2025-11-26 10:10:28,108 DEBUG basicbot: Order payload (safe view): {'symbol': 'BTCUSDT', 'side': 'SELL', 'type': 'LIMIT', 'quantity': '0.002', 'price': '87288.18', 'timeInForce': 'GTC'}
2025-11-26 10:10:28,413 ERROR basicbot: BinanceAPIException: APIError(code=-4014): Price not increased by tick size.
2025-11-26 10:10:28,414 ERROR basicbot: Operation failed: APIError(code=-4014): Price not increased by tick size.
2025-11-26 10:10:37,696 INFO basicbot: Binance client initialized (testnet=True)
2025-11-26 10:10:38,641 DEBUG basicbot: mark_price for BTCUSDT = 87287.62856884
2025-11-26 10:10:38,641 INFO basicbot: Adjusted LIMIT price from 50000.0 to 87287.63 to satisfy minimum allowed price 87287.62856884
2025-11-26 10:10:38,641 DEBUG basicbot: Order payload (safe view): {'symbol': 'BTCUSDT', 'side': 'SELL', 'type': 'LIMIT', 'quantity': '0.002', 'price': '87287.63', 'timeInForce': 'GTC'}
2025-11-26 10:10:38,963 ERROR basicbot: BinanceAPIException: APIError(code=-4014): Price not increased by tick size.
2025-11-26 10:10:38,964 ERROR basicbot: Operation failed: APIError(code=-4014): Price not increased by tick size.
2025-11-26 10:11:18,421 INFO basicbot: Binance client initialized (testnet=True)
2025-11-26 10:11:19,250 DEBUG basicbot: mark_price for BTCUSDT = 87284.39101449
2025-11-26 10:11:19,250 INFO basicbot: Qty 0.001 produces notional 87.28439101449 < 100; increasing to 0.002
2025-11-26 10:11:19,250 DEBUG basicbot: Order payload (safe view): {'symbol': 'BTCUSDT', 'side': 'BUY', 'type': 'MARKET', 'quantity': '0.002'}
2025-11-26 10:11:19,560 INFO basicbot: Order placed: BUY MARKET BTCUSDT qty=0.002 price=None
2025-11-26 10:11:19,560 DEBUG basicbot: Order response: {'orderId': 10626822016, 'symbol': 'BTCUSDT', 'status': 'NEW', 'clientOrderId': 'x-Cb7ytekJddd2f8b1101fa5911079fa', 'price': '0.00', 'avgPrice': '0.00', 'origQty': '0.002', 'executedQty': '0.000', 'cumQty': '0.000', 'cumQuote': '0.00000', 'timeInForce': 'GTC', 'type': 'MARKET', 'reduceOnly': False, 'closePosition': False, 'side': 'BUY', 'positionSide': 'BOTH', 'stopPrice': '0.00', 'workingType': 'CONTRACT_PRICE', 'priceProtect': False, 'origType': 'MARKET', 'priceMatch': 'NONE', 'selfTradePreventionMode': 'EXPIRE_MAKER', 'goodTillDate': 0, 'updateTime': 1764132078767}
2025-11-26 10:11:19,561 INFO basicbot: Order response: {'orderId': 10626822016, 'symbol': 'BTCUSDT', 'status': 'NEW', 'clientOrderId': 'x-Cb7ytekJddd2f8b1101fa5911079fa', 'price': '0.00', 'avgPrice': '0.00', 'origQty': '0.002', 'executedQty': '0.000', 'cumQty': '0.000', 'cumQuote': '0.00000', 'timeInForce': 'GTC', 'type': 'MARKET', 'reduceOnly': False, 'closePosition': False, 'side': 'BUY', 'positionSide': 'BOTH', 'stopPrice': '0.00', 'workingType': 'CONTRACT_PRICE', 'priceProtect': False, 'origType': 'MARKET', 'priceMatch': 'NONE', 'selfTradePreventionMode': 'EXPIRE_MAKER', 'goodTillDate': 0, 'updateTime': 1764132078767}
2025-11-26 10:11:25,281 INFO basicbot: Binance client initialized (testnet=True)
2025-11-26 10:11:26,082 DEBUG basicbot: mark_price for BTCUSDT = 87279.43786232
2025-11-26 10:11:26,083 INFO basicbot: Adjusted LIMIT price from 82000.0 to 87279.44 to satisfy minimum allowed price 87279.43786232
2025-11-26 10:11:26,083 INFO basicbot: Qty 0.001 produces notional 87.27944 < 100; increasing to 0.002
2025-11-26 10:11:26,084 DEBUG basicbot: Order payload (safe view): {'symbol': 'BTCUSDT', 'side': 'SELL', 'type': 'LIMIT', 'quantity': '0.002', 'price': '87279.44', 'timeInForce': 'GTC'}
2025-11-26 10:11:26,391 ERROR basicbot: BinanceAPIException: APIError(code=-4014): Price not increased by tick size.
2025-11-26 10:11:26,392 ERROR basicbot: Order failed: APIError(code=-4014): Price not increased by tick size.
2025-11-26 10:14:53,313 INFO basicbot: Binance client initialized (testnet=True)
2025-11-26 10:14:54,123 DEBUG basicbot: mark_price for BTCUSDT = 87234.30000000
2025-11-26 10:14:54,125 INFO basicbot: Adjusted LIMIT price from 82000.0 to 87234.40 (bumped min_allowed 87234.30000000 by tick 0.10)
2025-11-26 10:14:54,127 INFO basicbot: Qty 0.001 produces notional 87.23440 < 100; increasing to 0.002
2025-11-26 10:14:54,572 INFO basicbot: Final order payload (will test): {'symbol': 'BTCUSDT', 'side': 'SELL', 'type': 'LIMIT', 'quantity': '0.002', 'price': '87234.40', 'timeInForce': 'GTC'}
2025-11-26 10:14:54,881 DEBUG basicbot: futures_create_test_order succeeded for payload.
2025-11-26 10:14:55,033 INFO basicbot: Order placed: SELL LIMIT BTCUSDT qty=0.002 price=87234.40
2025-11-26 10:14:55,035 DEBUG basicbot: Order response: {'orderId': 10626823760, 'symbol': 'BTCUSDT', 'status': 'NEW', 'clientOrderId': 'x-Cb7ytekJ2818e2fcd492bfa991f0b4', 'price': '87234.40', 'avgPrice': '0.00', 'origQty': '0.002', 'executedQty': '0.000', 'cumQty': '0.000', 'cumQuote': '0.00000', 'timeInForce': 'GTC', 'type': 'LIMIT', 'reduceOnly': False, 'closePosition': False, 'side': 'SELL', 'positionSide': 'BOTH', 'stopPrice': '0.00', 'workingType': 'CONTRACT_PRICE', 'priceProtect': False, 'origType': 'LIMIT', 'priceMatch': 'NONE', 'selfTradePreventionMode': 'EXPIRE_MAKER', 'goodTillDate': 0, 'updateTime': 1764132294201}
2025-11-26 10:50:12,214 INFO basicbot: Binance client initialized (testnet=True)
2025-11-26 10:50:13,882 INFO basicbot: Binance client initialized (testnet=True)
2025-11-26 10:50:48,052 DEBUG basicbot: mark_price for BTCUSDT = 87502.30643116
2025-11-26 10:50:48,062 INFO basicbot: Qty 0.001 produces notional 87.50230643116 < 100; increasing to 0.002
2025-11-26 10:50:48,064 INFO basicbot: Final order payload (will test): {'symbol': 'BTCUSDT', 'side': 'BUY', 'type': 'MARKET', 'quantity': '0.002'}
2025-11-26 10:50:48,461 DEBUG basicbot: futures_create_test_order succeeded for payload.
2025-11-26 10:50:48,871 INFO basicbot: Order placed: BUY MARKET BTCUSDT qty=0.002 price=None
2025-11-26 10:50:48,872 DEBUG basicbot: Order response: {'orderId': 10626842437, 'symbol': 'BTCUSDT', 'status': 'NEW', 'clientOrderId': 'x-Cb7ytekJdcee9336ad332c5f392f2c', 'price': '0.00', 'avgPrice': '0.00', 'origQty': '0.002', 'executedQty': '0.000', 'cumQty': '0.000', 'cumQuote': '0.00000', 'timeInForce': 'GTC', 'type': 'MARKET', 'reduceOnly': False, 'closePosition': False, 'side': 'BUY', 'positionSide': 'BOTH', 'stopPrice': '0.00', 'workingType': 'CONTRACT_PRICE', 'priceProtect': False, 'origType': 'MARKET', 'priceMatch': 'NONE', 'selfTradePreventionMode': 'EXPIRE_MAKER', 'goodTillDate': 0, 'updateTime': 1764134447961}
2025-11-26 10:51:16,109 DEBUG basicbot: mark_price for BTCUSDT = 87652.00000000
2025-11-26 10:51:16,109 INFO basicbot: Qty 0.001 produces notional 82.00000 < 100; increasing to 0.002
2025-11-26 10:51:16,628 INFO basicbot: Final order payload (will test): {'symbol': 'BTCUSDT', 'side': 'BUY', 'type': 'LIMIT', 'quantity': '0.002', 'price': '82000.00', 'timeInForce': 'GTC'}
2025-11-26 10:51:16,946 DEBUG basicbot: futures_create_test_order succeeded for payload.
2025-11-26 10:51:17,338 INFO basicbot: Order placed: BUY LIMIT BTCUSDT qty=0.002 price=82000.00
2025-11-26 10:51:17,340 DEBUG basicbot: Order response: {'orderId': 10626842762, 'symbol': 'BTCUSDT', 'status': 'NEW', 'clientOrderId': 'x-Cb7ytekJ2ef977aef93b983bfd7049', 'price': '82000.00', 'avgPrice': '0.00', 'origQty': '0.002', 'executedQty': '0.000', 'cumQty': '0.000', 'cumQuote': '0.00000', 'timeInForce': 'GTC', 'type': 'LIMIT', 'reduceOnly': False, 'closePosition': False, 'side': 'BUY', 'positionSide': 'BOTH', 'stopPrice': '0.00', 'workingType': 'CONTRACT_PRICE', 'priceProtect': False, 'origType': 'LIMIT', 'priceMatch': 'NONE', 'selfTradePreventionMode': 'EXPIRE_MAKER', 'goodTillDate': 0, 'updateTime': 1764134476447}
2025-11-26 10:51:19,256 DEBUG basicbot: mark_price for BTCUSDT = 87630.75682971
2025-11-26 10:51:19,256 INFO basicbot: Qty 0.001 produces notional 82.00000 < 100; increasing to 0.002
2025-11-26 10:51:19,556 INFO basicbot: Final order payload (will test): {'symbol': 'BTCUSDT', 'side': 'BUY', 'type': 'LIMIT', 'quantity': '0.002', 'price': '82000.00', 'timeInForce': 'GTC'}
2025-11-26 10:51:20,052 DEBUG basicbot: futures_create_test_order succeeded for payload.
2025-11-26 10:51:20,397 INFO basicbot: Order placed: BUY LIMIT BTCUSDT qty=0.002 price=82000.00
2025-11-26 10:51:20,398 DEBUG basicbot: Order response: {'orderId': 10626842780, 'symbol': 'BTCUSDT', 'status': 'NEW', 'clientOrderId': 'x-Cb7ytekJ55a834aad74d79465bd518', 'price': '82000.00', 'avgPrice': '0.00', 'origQty': '0.002', 'executedQty': '0.000', 'cumQty': '0.000', 'cumQuote': '0.00000', 'timeInForce': 'GTC', 'type': 'LIMIT', 'reduceOnly': False, 'closePosition': False, 'side': 'BUY', 'positionSide': 'BOTH', 'stopPrice': '0.00', 'workingType': 'CONTRACT_PRICE', 'priceProtect': False, 'origType': 'LIMIT', 'priceMatch': 'NONE', 'selfTradePreventionMode': 'EXPIRE_MAKER', 'goodTillDate': 0, 'updateTime': 1764134479552}
2025-11-26 10:51:20,484 DEBUG basicbot: mark_price for BTCUSDT = 87626.10518116
2025-11-26 10:51:20,485 INFO basicbot: Qty 0.001 produces notional 82.00000 < 100; increasing to 0.002
2025-11-26 10:51:20,812 INFO basicbot: Final order payload (will test): {'symbol': 'BTCUSDT', 'side': 'BUY', 'type': 'LIMIT', 'quantity': '0.002', 'price': '82000.00', 'timeInForce': 'GTC'}
2025-11-26 10:51:21,085 DEBUG basicbot: futures_create_test_order succeeded for payload.
2025-11-26 10:51:21,422 INFO basicbot: Order placed: BUY LIMIT BTCUSDT qty=0.002 price=82000.00
2025-11-26 10:51:21,423 DEBUG basicbot: Order response: {'orderId': 10626842798, 'symbol': 'BTCUSDT', 'status': 'NEW', 'clientOrderId': 'x-Cb7ytekJe3ba1d5fd63abbe7962bd6', 'price': '82000.00', 'avgPrice': '0.00', 'origQty': '0.002', 'executedQty': '0.000', 'cumQty': '0.000', 'cumQuote': '0.00000', 'timeInForce': 'GTC', 'type': 'LIMIT', 'reduceOnly': False, 'closePosition': False, 'side': 'BUY', 'positionSide': 'BOTH', 'stopPrice': '0.00', 'workingType': 'CONTRACT_PRICE', 'priceProtect': False, 'origType': 'LIMIT', 'priceMatch': 'NONE', 'selfTradePreventionMode': 'EXPIRE_MAKER', 'goodTillDate': 0, 'updateTime': 1764134480587}
2025-11-26 10:52:18,427 INFO basicbot: Binance client initialized (testnet=True)
2025-11-26 10:52:26,562 DEBUG basicbot: mark_price for BTCUSDT = 87492.44293478
2025-11-26 10:52:26,563 INFO basicbot: Qty 0.001 produces notional 82.00000 < 100; increasing to 0.002
2025-11-26 10:52:27,138 INFO basicbot: Final order payload (will test): {'symbol': 'BTCUSDT', 'side': 'BUY', 'type': 'LIMIT', 'quantity': '0.002', 'price': '82000.00', 'timeInForce': 'GTC'}
2025-11-26 10:52:27,279 DEBUG basicbot: futures_create_test_order succeeded for payload.
2025-11-26 10:52:27,689 INFO basicbot: Order placed: BUY LIMIT BTCUSDT qty=0.002 price=82000.00
2025-11-26 10:52:27,690 DEBUG basicbot: Order response: {'orderId': 10626843593, 'symbol': 'BTCUSDT', 'status': 'NEW', 'clientOrderId': 'x-Cb7ytekJ85e70dfc5c812e9dcb3dd8', 'price': '82000.00', 'avgPrice': '0.00', 'origQty': '0.002', 'executedQty': '0.000', 'cumQty': '0.000', 'cumQuote': '0.00000', 'timeInForce': 'GTC', 'type': 'LIMIT', 'reduceOnly': False, 'closePosition': False, 'side': 'BUY', 'positionSide': 'BOTH', 'stopPrice': '0.00', 'workingType': 'CONTRACT_PRICE', 'priceProtect': False, 'origType': 'LIMIT', 'priceMatch': 'NONE', 'selfTradePreventionMode': 'EXPIRE_MAKER', 'goodTillDate': 0, 'updateTime': 1764134546773}
2025-11-26 10:53:51,387 INFO basicbot: Binance client initialized (testnet=True)
2025-11-26 10:53:53,822 DEBUG basicbot: mark_price for BTCUSDT = 87451.28659420
2025-11-26 10:53:53,823 INFO basicbot: Qty 0.001 produces notional 82.00000 < 100; increasing to 0.002
2025-11-26 10:53:54,299 INFO basicbot: Final order payload (will test): {'symbol': 'BTCUSDT', 'side': 'BUY', 'type': 'LIMIT', 'quantity': '0.002', 'price': '82000.00', 'timeInForce': 'GTC'}
2025-11-26 10:53:54,858 DEBUG basicbot: futures_create_test_order succeeded for payload.
2025-11-26 10:53:55,355 INFO basicbot: Order placed: BUY LIMIT BTCUSDT qty=0.002 price=82000.00
2025-11-26 10:53:55,356 DEBUG basicbot: Order response: {'orderId': 10626844591, 'symbol': 'BTCUSDT', 'status': 'NEW', 'clientOrderId': 'x-Cb7ytekJ1dafc5bc7bf6ea8192f518', 'price': '82000.00', 'avgPrice': '0.00', 'origQty': '0.002', 'executedQty': '0.000', 'cumQty': '0.000', 'cumQuote': '0.00000', 'timeInForce': 'GTC', 'type': 'LIMIT', 'reduceOnly': False, 'closePosition': False, 'side': 'BUY', 'positionSide': 'BOTH', 'stopPrice': '0.00', 'workingType': 'CONTRACT_PRICE', 'priceProtect': False, 'origType': 'LIMIT', 'priceMatch': 'NONE', 'selfTradePreventionMode': 'EXPIRE_MAKER', 'goodTillDate': 0, 'updateTime': 1764134634407}
2025-11-26 10:54:34,777 INFO basicbot: Binance client initialized (testnet=True)
2025-11-26 10:54:44,108 INFO basicbot: Binance client initialized (testnet=True)
2025-11-26 10:56:16,842 INFO basicbot: Binance client initialized (testnet=True)
2025-11-26 10:57:15,917 INFO basicbot: Binance client initialized (testnet=True)
2025-11-26 10:57:17,607 INFO basicbot: Binance client initialized (testnet=True)
2025-11-26 11:01:08,564 INFO basicbot: Binance client initialized (testnet=True)
2025-11-26 11:01:10,204 INFO basicbot: Binance client initialized (testnet=True)
2025-11-26 11:03:03,499 DEBUG basicbot: mark_price for BTCUSDT = 87614.65831522
2025-11-26 11:03:03,500 INFO basicbot: Qty 0.001 produces notional 87.61465831522 < 100; increasing to 0.002
2025-11-26 11:03:03,501 INFO basicbot: Final order payload (will test): {'symbol': 'BTCUSDT', 'side': 'BUY', 'type': 'MARKET', 'quantity': '0.002'}
2025-11-26 11:03:03,891 DEBUG basicbot: futures_create_test_order succeeded for payload.
2025-11-26 11:03:04,284 INFO basicbot: Order placed: BUY MARKET BTCUSDT qty=0.002 price=None
2025-11-26 11:03:04,284 DEBUG basicbot: Order response: {'orderId': 10626850015, 'symbol': 'BTCUSDT', 'status': 'NEW', 'clientOrderId': 'x-Cb7ytekJ21f4cb3ecba20a79ed093f', 'price': '0.00', 'avgPrice': '0.00', 'origQty': '0.002', 'executedQty': '0.000', 'cumQty': '0.000', 'cumQuote': '0.00000', 'timeInForce': 'GTC', 'type': 'MARKET', 'reduceOnly': False, 'closePosition': False, 'side': 'BUY', 'positionSide': 'BOTH', 'stopPrice': '0.00', 'workingType': 'CONTRACT_PRICE', 'priceProtect': False, 'origType': 'MARKET', 'priceMatch': 'NONE', 'selfTradePreventionMode': 'EXPIRE_MAKER', 'goodTillDate': 0, 'updateTime': 1764135183387}
2025-11-26 11:03:14,217 DEBUG basicbot: mark_price for BTCUSDT = 87605.76003623
2025-11-26 11:03:14,217 INFO basicbot: Qty 0.001 produces notional 82.00000 < 100; increasing to 0.002
2025-11-26 11:03:14,581 INFO basicbot: Final order payload (will test): {'symbol': 'BTCUSDT', 'side': 'BUY', 'type': 'LIMIT', 'quantity': '0.002', 'price': '82000.00', 'timeInForce': 'GTC'}
2025-11-26 11:03:14,968 DEBUG basicbot: futures_create_test_order succeeded for payload.
2025-11-26 11:03:15,376 INFO basicbot: Order placed: BUY LIMIT BTCUSDT qty=0.002 price=82000.00
2025-11-26 11:03:15,377 DEBUG basicbot: Order response: {'orderId': 10626850140, 'symbol': 'BTCUSDT', 'status': 'NEW', 'clientOrderId': 'x-Cb7ytekJa05a1bf9500d92d6148084', 'price': '82000.00', 'avgPrice': '0.00', 'origQty': '0.002', 'executedQty': '0.000', 'cumQty': '0.000', 'cumQuote': '0.00000', 'timeInForce': 'GTC', 'type': 'LIMIT', 'reduceOnly': False, 'closePosition': False, 'side': 'BUY', 'positionSide': 'BOTH', 'stopPrice': '0.00', 'workingType': 'CONTRACT_PRICE', 'priceProtect': False, 'origType': 'LIMIT', 'priceMatch': 'NONE', 'selfTradePreventionMode': 'EXPIRE_MAKER', 'goodTillDate': 0, 'updateTime': 1764135194461}
2025-11-26 11:03:22,750 DEBUG basicbot: mark_price for BTCUSDT = 87603.67887681
2025-11-26 11:03:22,760 INFO basicbot: Adjusted LIMIT price from 82000.0 to 87603.78 (bumped min_allowed 87603.67887681 by tick 0.10)
2025-11-26 11:03:22,761 INFO basicbot: Qty 0.001 produces notional 87.60378 < 100; increasing to 0.002
2025-11-26 11:03:23,117 INFO basicbot: Final order payload (will test): {'symbol': 'BTCUSDT', 'side': 'SELL', 'type': 'LIMIT', 'quantity': '0.002', 'price': '87603.78', 'timeInForce': 'GTC'}
2025-11-26 11:03:23,474 ERROR basicbot: Test order failed: APIError(code=-4014): Price not increased by tick size.
2025-11-26 11:04:16,953 INFO basicbot: Binance client initialized (testnet=True)
2025-11-26 11:04:53,364 INFO basicbot: Binance client initialized (testnet=True)
2025-11-26 11:05:29,624 INFO basicbot: Binance client initialized (testnet=True)
2025-11-26 11:06:19,850 DEBUG basicbot: mark_price for BTCUSDT = 87635.80000000
2025-11-26 11:06:19,850 INFO basicbot: Qty 0.001 produces notional 87.63580000000 < 100; increasing to 0.002
2025-11-26 11:06:19,851 INFO basicbot: Final order payload (will test): {'symbol': 'BTCUSDT', 'side': 'BUY', 'type': 'MARKET', 'quantity': '0.002'}
2025-11-26 11:06:20,359 DEBUG basicbot: futures_create_test_order succeeded for payload.
2025-11-26 11:06:20,928 INFO basicbot: Order placed: BUY MARKET BTCUSDT qty=0.002 price=None
2025-11-26 11:06:20,928 DEBUG basicbot: Order response: {'orderId': 10626851833, 'symbol': 'BTCUSDT', 'status': 'NEW', 'clientOrderId': 'x-Cb7ytekJ7d672af4ad6a7e1713f983', 'price': '0.00', 'avgPrice': '0.00', 'origQty': '0.002', 'executedQty': '0.000', 'cumQty': '0.000', 'cumQuote': '0.00000', 'timeInForce': 'GTC', 'type': 'MARKET', 'reduceOnly': False, 'closePosition': False, 'side': 'BUY', 'positionSide': 'BOTH', 'stopPrice': '0.00', 'workingType': 'CONTRACT_PRICE', 'priceProtect': False, 'origType': 'MARKET', 'priceMatch': 'NONE', 'selfTradePreventionMode': 'EXPIRE_MAKER', 'goodTillDate': 0, 'updateTime': 1764135379858}
2025-11-26 11:06:21,704 DEBUG basicbot: mark_price for BTCUSDT = 87625.91597826
2025-11-26 11:06:21,704 INFO basicbot: Qty 0.001 produces notional 87.62591597826 < 100; increasing to 0.002
2025-11-26 11:06:21,705 INFO basicbot: Final order payload (will test): {'symbol': 'BTCUSDT', 'side': 'BUY', 'type': 'MARKET', 'quantity': '0.002'}
2025-11-26 11:06:22,265 DEBUG basicbot: futures_create_test_order succeeded for payload.
2025-11-26 11:06:22,410 INFO basicbot: Order placed: BUY MARKET BTCUSDT qty=0.002 price=None
2025-11-26 11:06:22,411 DEBUG basicbot: Order response: {'orderId': 10626851847, 'symbol': 'BTCUSDT', 'status': 'NEW', 'clientOrderId': 'x-Cb7ytekJd0ccb48cdc560405b8a32', 'price': '0.00', 'avgPrice': '0.00', 'origQty': '0.002', 'executedQty': '0.000', 'cumQty': '0.000', 'cumQuote': '0.00000', 'timeInForce': 'GTC', 'type': 'MARKET', 'reduceOnly': False, 'closePosition': False, 'side': 'BUY', 'positionSide': 'BOTH', 'stopPrice': '0.00', 'workingType': 'CONTRACT_PRICE', 'priceProtect': False, 'origType': 'MARKET', 'priceMatch': 'NONE', 'selfTradePreventionMode': 'EXPIRE_MAKER', 'goodTillDate': 0, 'updateTime': 1764135381558}
